<?xml version="1.0" encoding="UTF-8"?>
<!-- Generated by org.testng.reporters.JUnitXMLReporter -->
<testsuite hostname="vinu-PC" name="Test2" tests="2" failures="0" timestamp="14 Jul 2020 11:55:04 GMT" time="0.022" errors="0">
  <testcase name="@BeforeTest initialize" time="0.0" classname="SeleniumFinal.HomePage">
    <failure type="java.lang.NullPointerException">
      <![CDATA[java.lang.NullPointerException
	at resources.base.initializeBrowser(base.java:31)
	at SeleniumFinal.HomePage.initialize(HomePage.java:24)
... Removed 22 stack frames]]>
    </failure>
  </testcase> <!-- @BeforeTest initialize -->
  <testcase name="@AfterTest tearDown" time="0.0" classname="SeleniumFinal.HomePage">
    <skipped/>
  </testcase> <!-- @AfterTest tearDown -->
  <testcase name="basePageNavigation" time="0.001" classname="SeleniumFinal.HomePage">
    <skipped/>
  </testcase> <!-- basePageNavigation -->
  <testcase name="basePageNavigation" time="0.009" classname="SeleniumFinal.HomePage">
    <skipped/>
  </testcase> <!-- basePageNavigation -->
</testsuite> <!-- Test2 -->
