<?xml version="1.0" encoding="UTF-8"?>
<!-- Generated by org.testng.reporters.JUnitXMLReporter -->
<testsuite hostname="vinu-PC" name="Test1" tests="1" failures="0" timestamp="14 Jul 2020 11:55:03 GMT" time="0.062" errors="0">
  <testcase name="@BeforeTest initialize" time="0.0" classname="SeleniumFinal.ValidateTitleOnHomePage">
    <failure type="java.lang.NullPointerException">
      <![CDATA[java.lang.NullPointerException
	at resources.base.initializeBrowser(base.java:31)
	at SeleniumFinal.ValidateTitleOnHomePage.initialize(ValidateTitleOnHomePage.java:22)
... Removed 22 stack frames]]>
    </failure>
  </testcase> <!-- @BeforeTest initialize -->
  <testcase name="@AfterTest tearDown" time="0.0" classname="SeleniumFinal.ValidateTitleOnHomePage">
    <skipped/>
  </testcase> <!-- @AfterTest tearDown -->
  <testcase name="validateTitle" time="0.009" classname="SeleniumFinal.ValidateTitleOnHomePage">
    <skipped/>
  </testcase> <!-- validateTitle -->
</testsuite> <!-- Test1 -->
