<?xml version="1.0" encoding="UTF-8"?>
<!-- Generated by org.testng.reporters.JUnitXMLReporter -->
<testsuite hostname="vinu-PC" name="Test" tests="4" failures="0" timestamp="10 Jul 2020 11:52:27 GMT" time="50.715" errors="0">
  <testcase name="basePageNavigation" time="0.108" classname="pageObjects.ValidateTitleOnHomePage"/>
  <testcase name="basePageNavigation" time="0.116" classname="pageObjects.ValidateNavBar"/>
  <testcase name="basePageNavigation" time="19.158" classname="SeleniumFinal.HomePage"/>
  <testcase name="basePageNavigation" time="4.783" classname="SeleniumFinal.HomePage"/>
</testsuite> <!-- Test -->
