<?xml version="1.0" encoding="UTF-8"?>
<testsuite xmlns:xsi="http://www.w3.org/2001/XMLSchema-instance" xsi:noNamespaceSchemaLocation="https://maven.apache.org/surefire/maven-surefire-plugin/xsd/surefire-test-report-3.0.xsd" version="3.0" name="TestSuite" time="24.093" tests="3" errors="0" skipped="0" failures="0">
  <properties>
[...]
</properties>
  <testcase name="validateTitle" classname="SeleniumFinal.ValidateTitleOnHomePage" time="0.107">
    <system-err><![CDATA[Starting ChromeDriver 83.0.4103.39 (ccbf011cb2d2b19b506d8444004838613S4t2ac2r0tcdi-rnefsg/ brCahncrho-hmeeadDs/r4i10v3e@r{#416}) on port 202 9853
.On0l.y 4l1oc0a3l .c3o9nn e(ctciconsbf0 a1r1ec abl2lodwe2d.b1
P9lbea5s0e 6sdee8 4ht4t4ps0:0//4ch83r8o6me1d3ri4ve2rc.c2h0rocmdiu-m.roergf/sse/cburritay-conncsihde-rhateiaonds sf/or4103 @s{u#g41g6es}t)i oonns  poornt  k3ee1793
Only lpoicanlg  CchonrnoemcetDrioinves ra rsae fea.ll
owed.
Please see https://chromedriver.chromium.org/security-considerations for suggestions on keeping ChromeDriver safe.
ChChrromeDrivoemreD rwivaesr w ass tsatratretde ds uscuccecsessfsuflullyl.y.

Jul 14, 2020 5:28:18 PM org.openqa.selenium.remote.ProtocolHandshake createSession
INFO: Detected dialect: W3C
Jul 14, 2020 5:28:18 PM org.openqa.selenium.remote.ProtocolHandshake createSession
INFO: Detected dialect: W3C
]]></system-err>
  </testcase>
  <testcase name="basePageNavigation[abc@xyz.com, abc@1234](1)" classname="SeleniumFinal.HomePage" time="4.066"/>
  <testcase name="basePageNavigation[xyz@abc.com, xyz@1234](2)" classname="SeleniumFinal.HomePage" time="5.709"/>
</testsuite>